# JRE version: OpenJDK Runtime Environment Temurin-21.0.11+10 (21.0.11+10) (build 21.0.11+10-LTS)
# Java VM: OpenJDK 64-Bit Server VM Temurin-21.0.11+10 (21.0.11+10-LTS, mixed mode, sharing, tiered, compressed oops, compressed class ptrs, parallel gc, windows-amd64)
GC Precious Log:
 CardTable entry size: 512
 CPUs: 16 total, 16 available
 Memory: 32125M
 Large Page Support: Disabled
 NUMA Support: Disabled
 Compressed Oops: Enabled (32-bit)
 Alignments: Space 512K, Generation 512K, Heap 2M
 Heap Min Capacity: 100M
 Heap Initial Capacity: 100M
 Heap Max Capacity: 2G
 Pre-touch: Disabled
 Parallel Workers: 13
Heap:
 PSYoungGen      total 23040K, used 2848K [0x00000000d5580000, 0x00000000d7300000, 0x0000000100000000)
  eden space 22016K, 8% used [0x00000000d5580000,0x00000000d57483e8,0x00000000d6b00000)
  from space 1024K, 100% used [0x00000000d7000000,0x00000000d7100000,0x00000000d7100000)
  to   space 4096K, 0% used [0x00000000d6b00000,0x00000000d6b00000,0x00000000d6f00000)
 ParOldGen       total 83456K, used 28348K [0x0000000080000000, 0x0000000085180000, 0x00000000d5580000)
  object space 83456K, 33% used [0x0000000080000000,0x0000000081baf3b0,0x0000000085180000)
 Metaspace       used 39215K, committed 40320K, reserved 1114112K
  class space    used 4150K, committed 4608K, reserved 1048576K
GC Heap History (20 events):
Event: 10.546 GC heap before
{Heap before GC invocations=32 (full 1):
 PSYoungGen      total 23552K, used 23328K [0x00000000d5580000, 0x00000000d7480000, 0x0000000100000000)
  eden space 22016K, 99% used [0x00000000d5580000,0x00000000d6accb58,0x00000000d6b00000)
  from space 1536K, 98% used [0x00000000d7300000,0x00000000d747b740,0x00000000d7480000)
  to   space 3584K, 0% used [0x00000000d6d80000,0x00000000d6d80000,0x00000000d7100000)
 ParOldGen       total 83456K, used 21899K [0x0000000080000000, 0x0000000085180000, 0x00000000d5580000)
  object space 83456K, 26% used [0x0000000080000000,0x0000000081562e60,0x0000000085180000)
 Metaspace       used 25846K, committed 26624K, reserved 1114112K
  class space    used 2559K, committed 2880K, reserved 1048576K
}
Event: 10.548 GC heap after
{Heap after GC invocations=32 (full 1):
 PSYoungGen      total 25600K, used 724K [0x00000000d5580000, 0x00000000d7380000, 0x0000000100000000)
  eden space 22016K, 0% used [0x00000000d5580000,0x00000000d5580000,0x00000000d6b00000)
  from space 3584K, 20% used [0x00000000d6d80000,0x00000000d6e350d8,0x00000000d7100000)
  to   space 1536K, 0% used [0x00000000d7200000,0x00000000d7200000,0x00000000d7380000)
 ParOldGen       total 83456K, used 22633K [0x0000000080000000, 0x0000000085180000, 0x00000000d5580000)
  object space 83456K, 27% used [0x0000000080000000,0x000000008161a600,0x0000000085180000)
 Metaspace       used 25846K, committed 26624K, reserved 1114112K
  class space    used 2559K, committed 2880K, reserved 1048576K
}
Event: 10.775 GC heap before
{Heap before GC invocations=33 (full 1):
 PSYoungGen      total 25600K, used 22740K [0x00000000d5580000, 0x00000000d7380000, 0x0000000100000000)
  eden space 22016K, 100% used [0x00000000d5580000,0x00000000d6b00000,0x00000000d6b00000)
  from space 3584K, 20% used [0x00000000d6d80000,0x00000000d6e350d8,0x00000000d7100000)
  to   space 1536K, 0% used [0x00000000d7200000,0x00000000d7200000,0x00000000d7380000)
 ParOldGen       total 83456K, used 22633K [0x0000000080000000, 0x0000000085180000, 0x00000000d5580000)
  object space 83456K, 27% used [0x0000000080000000,0x000000008161a600,0x0000000085180000)
 Metaspace       used 27540K, committed 28480K, reserved 1114112K
  class space    used 2682K, committed 3072K, reserved 1048576K
}
Event: 10.778 GC heap after
{Heap after GC invocations=33 (full 1):
 PSYoungGen      total 23552K, used 1467K [0x00000000d5580000, 0x00000000d7380000, 0x0000000100000000)
  eden space 22016K, 0% used [0x00000000d5580000,0x00000000d5580000,0x00000000d6b00000)
  from space 1536K, 95% used [0x00000000d7200000,0x00000000d736eda0,0x00000000d7380000)
  to   space 2048K, 0% used [0x00000000d6f80000,0x00000000d6f80000,0x00000000d7180000)
 ParOldGen       total 83456K, used 23641K [0x0000000080000000, 0x0000000085180000, 0x00000000d5580000)
  object space 83456K, 28% used [0x0000000080000000,0x0000000081716550,0x0000000085180000)
 Metaspace       used 27540K, committed 28480K, reserved 1114112K
  class space    used 2682K, committed 3072K, reserved 1048576K
}
Event: 11.288 GC heap before
{Heap before GC invocations=34 (full 1):
 PSYoungGen      total 23552K, used 23483K [0x00000000d5580000, 0x00000000d7380000, 0x0000000100000000)
  eden space 22016K, 100% used [0x00000000d5580000,0x00000000d6b00000,0x00000000d6b00000)
  from space 1536K, 95% used [0x00000000d7200000,0x00000000d736eda0,0x00000000d7380000)
  to   space 2048K, 0% used [0x00000000d6f80000,0x00000000d6f80000,0x00000000d7180000)
 ParOldGen       total 83456K, used 23641K [0x0000000080000000, 0x0000000085180000, 0x00000000d5580000)
  object space 83456K, 28% used [0x0000000080000000,0x0000000081716550,0x0000000085180000)
 Metaspace       used 29505K, committed 30400K, reserved 1114112K
  class space    used 2916K, committed 3328K, reserved 1048576K
}
Event: 11.291 GC heap after
{Heap after GC invocations=34 (full 1):
 PSYoungGen      total 24064K, used 576K [0x00000000d5580000, 0x00000000d7280000, 0x0000000100000000)
  eden space 22016K, 0% used [0x00000000d5580000,0x00000000d5580000,0x00000000d6b00000)
  from space 2048K, 28% used [0x00000000d6f80000,0x00000000d7010000,0x00000000d7180000)
  to   space 1024K, 0% used [0x00000000d7180000,0x00000000d7180000,0x00000000d7280000)
 ParOldGen       total 83456K, used 24806K [0x0000000080000000, 0x0000000085180000, 0x00000000d5580000)
  object space 83456K, 29% used [0x0000000080000000,0x0000000081839b60,0x0000000085180000)
 Metaspace       used 29505K, committed 30400K, reserved 1114112K
  class space    used 2916K, committed 3328K, reserved 1048576K
}
Event: 11.875 GC heap before
{Heap before GC invocations=35 (full 1):
 PSYoungGen      total 24064K, used 22592K [0x00000000d5580000, 0x00000000d7280000, 0x0000000100000000)
  eden space 22016K, 100% used [0x00000000d5580000,0x00000000d6b00000,0x00000000d6b00000)
  from space 2048K, 28% used [0x00000000d6f80000,0x00000000d7010000,0x00000000d7180000)
  to   space 1024K, 0% used [0x00000000d7180000,0x00000000d7180000,0x00000000d7280000)
 ParOldGen       total 83456K, used 24806K [0x0000000080000000, 0x0000000085180000, 0x00000000d5580000)
  object space 83456K, 29% used [0x0000000080000000,0x0000000081839b60,0x0000000085180000)
 Metaspace       used 31702K, committed 32704K, reserved 1114112K
  class space    used 3195K, committed 3648K, reserved 1048576K
}
Event: 11.877 GC heap after
{Heap after GC invocations=35 (full 1):
 PSYoungGen      total 23040K, used 1010K [0x00000000d5580000, 0x00000000d7280000, 0x0000000100000000)
  eden space 22016K, 0% used [0x00000000d5580000,0x00000000d5580000,0x00000000d6b00000)
  from space 1024K, 98% used [0x00000000d7180000,0x00000000d727c898,0x00000000d7280000)
  to   space 2048K, 0% used [0x00000000d6e80000,0x00000000d6e80000,0x00000000d7080000)
 ParOldGen       total 83456K, used 25382K [0x0000000080000000, 0x0000000085180000, 0x00000000d5580000)
  object space 83456K, 30% used [0x0000000080000000,0x00000000818c9ba0,0x0000000085180000)
 Metaspace       used 31702K, committed 32704K, reserved 1114112K
  class space    used 3195K, committed 3648K, reserved 1048576K
}
Event: 12.695 GC heap before
{Heap before GC invocations=36 (full 1):
 PSYoungGen      total 23040K, used 23026K [0x00000000d5580000, 0x00000000d7280000, 0x0000000100000000)
  eden space 22016K, 100% used [0x00000000d5580000,0x00000000d6b00000,0x00000000d6b00000)
  from space 1024K, 98% used [0x00000000d7180000,0x00000000d727c898,0x00000000d7280000)
  to   space 2048K, 0% used [0x00000000d6e80000,0x00000000d6e80000,0x00000000d7080000)
 ParOldGen       total 83456K, used 25382K [0x0000000080000000, 0x0000000085180000, 0x00000000d5580000)
  object space 83456K, 30% used [0x0000000080000000,0x00000000818c9ba0,0x0000000085180000)
 Metaspace       used 33477K, committed 34432K, reserved 1114112K
  class space    used 3408K, committed 3840K, reserved 1048576K
}
Event: 12.697 GC heap after
{Heap after GC invocations=36 (full 1):
 PSYoungGen      total 24064K, used 960K [0x00000000d5580000, 0x00000000d7200000, 0x0000000100000000)
  eden space 22016K, 0% used [0x00000000d5580000,0x00000000d5580000,0x00000000d6b00000)
  from space 2048K, 46% used [0x00000000d6e80000,0x00000000d6f70000,0x00000000d7080000)
  to   space 1536K, 0% used [0x00000000d7080000,0x00000000d7080000,0x00000000d7200000)
 ParOldGen       total 83456K, used 26161K [0x0000000080000000, 0x0000000085180000, 0x00000000d5580000)
  object space 83456K, 31% used [0x0000000080000000,0x000000008198c448,0x0000000085180000)
 Metaspace       used 33477K, committed 34432K, reserved 1114112K
  class space    used 3408K, committed 3840K, reserved 1048576K
}
Event: 13.226 GC heap before
{Heap before GC invocations=37 (full 1):
 PSYoungGen      total 24064K, used 16828K [0x00000000d5580000, 0x00000000d7200000, 0x0000000100000000)
  eden space 22016K, 72% used [0x00000000d5580000,0x00000000d64ff070,0x00000000d6b00000)
  from space 2048K, 46% used [0x00000000d6e80000,0x00000000d6f70000,0x00000000d7080000)
  to   space 1536K, 0% used [0x00000000d7080000,0x00000000d7080000,0x00000000d7200000)
 ParOldGen       total 83456K, used 26161K [0x0000000080000000, 0x0000000085180000, 0x00000000d5580000)
  object space 83456K, 31% used [0x0000000080000000,0x000000008198c448,0x0000000085180000)
 Metaspace       used 34798K, committed 35840K, reserved 1114112K
  class space    used 3578K, committed 4032K, reserved 1048576K
}
Event: 13.230 GC heap after
{Heap after GC invocations=37 (full 1):
 PSYoungGen      total 23552K, used 1160K [0x00000000d5580000, 0x00000000d7200000, 0x0000000100000000)
  eden space 22016K, 0% used [0x00000000d5580000,0x00000000d5580000,0x00000000d6b00000)
  from space 1536K, 75% used [0x00000000d7080000,0x00000000d71a2108,0x00000000d7200000)
  to   space 1536K, 0% used [0x00000000d6f00000,0x00000000d6f00000,0x00000000d7080000)
 ParOldGen       total 83456K, used 26940K [0x0000000080000000, 0x0000000085180000, 0x00000000d5580000)
  object space 83456K, 32% used [0x0000000080000000,0x0000000081a4f020,0x0000000085180000)
 Metaspace       used 34798K, committed 35840K, reserved 1114112K
  class space    used 3578K, committed 4032K, reserved 1048576K
}
Event: 13.230 GC heap before
{Heap before GC invocations=38 (full 2):
 PSYoungGen      total 23552K, used 1160K [0x00000000d5580000, 0x00000000d7200000, 0x0000000100000000)
  eden space 22016K, 0% used [0x00000000d5580000,0x00000000d5580000,0x00000000d6b00000)
  from space 1536K, 75% used [0x00000000d7080000,0x00000000d71a2108,0x00000000d7200000)
  to   space 1536K, 0% used [0x00000000d6f00000,0x00000000d6f00000,0x00000000d7080000)
 ParOldGen       total 83456K, used 26940K [0x0000000080000000, 0x0000000085180000, 0x00000000d5580000)
  object space 83456K, 32% used [0x0000000080000000,0x0000000081a4f020,0x0000000085180000)
 Metaspace       used 34798K, committed 35840K, reserved 1114112K
  class space    used 3578K, committed 4032K, reserved 1048576K
}
Event: 13.288 GC heap after
{Heap after GC invocations=38 (full 2):
 PSYoungGen      total 23552K, used 0K [0x00000000d5580000, 0x00000000d7200000, 0x0000000100000000)
  eden space 22016K, 0% used [0x00000000d5580000,0x00000000d5580000,0x00000000d6b00000)
  from space 1536K, 0% used [0x00000000d7080000,0x00000000d7080000,0x00000000d7200000)
  to   space 1536K, 0% used [0x00000000d6f00000,0x00000000d6f00000,0x00000000d7080000)
 ParOldGen       total 83456K, used 25013K [0x0000000080000000, 0x0000000085180000, 0x00000000d5580000)
  object space 83456K, 29% used [0x0000000080000000,0x000000008186d4a0,0x0000000085180000)
 Metaspace       used 34788K, committed 35840K, reserved 1114112K
  class space    used 3575K, committed 4032K, reserved 1048576K
}
Event: 13.404 GC heap before
{Heap before GC invocations=39 (full 2):
 PSYoungGen      total 23552K, used 22016K [0x00000000d5580000, 0x00000000d7200000, 0x0000000100000000)
  eden space 22016K, 100% used [0x00000000d5580000,0x00000000d6b00000,0x00000000d6b00000)
  from space 1536K, 0% used [0x00000000d7080000,0x00000000d7080000,0x00000000d7200000)
  to   space 1536K, 0% used [0x00000000d6f00000,0x00000000d6f00000,0x00000000d7080000)
 ParOldGen       total 83456K, used 25013K [0x0000000080000000, 0x0000000085180000, 0x00000000d5580000)
  object space 83456K, 29% used [0x0000000080000000,0x000000008186d4a0,0x0000000085180000)
 Metaspace       used 35325K, committed 36416K, reserved 1114112K
  class space    used 3632K, committed 4096K, reserved 1048576K
}
Event: 13.405 GC heap after
{Heap after GC invocations=39 (full 2):
 PSYoungGen      total 23552K, used 1163K [0x00000000d5580000, 0x00000000d7100000, 0x0000000100000000)
  eden space 22016K, 0% used [0x00000000d5580000,0x00000000d5580000,0x00000000d6b00000)
  from space 1536K, 75% used [0x00000000d6f00000,0x00000000d7022e58,0x00000000d7080000)
  to   space 512K, 0% used [0x00000000d7080000,0x00000000d7080000,0x00000000d7100000)
 ParOldGen       total 83456K, used 25021K [0x0000000080000000, 0x0000000085180000, 0x00000000d5580000)
  object space 83456K, 29% used [0x0000000080000000,0x000000008186f4a0,0x0000000085180000)
 Metaspace       used 35325K, committed 36416K, reserved 1114112K
  class space    used 3632K, committed 4096K, reserved 1048576K
}
Event: 13.452 GC heap before
{Heap before GC invocations=40 (full 2):
 PSYoungGen      total 23552K, used 23179K [0x00000000d5580000, 0x00000000d7100000, 0x0000000100000000)
  eden space 22016K, 100% used [0x00000000d5580000,0x00000000d6b00000,0x00000000d6b00000)
  from space 1536K, 75% used [0x00000000d6f00000,0x00000000d7022e58,0x00000000d7080000)
  to   space 512K, 0% used [0x00000000d7080000,0x00000000d7080000,0x00000000d7100000)
 ParOldGen       total 83456K, used 25021K [0x0000000080000000, 0x0000000085180000, 0x00000000d5580000)
  object space 83456K, 29% used [0x0000000080000000,0x000000008186f4a0,0x0000000085180000)
 Metaspace       used 35437K, committed 36480K, reserved 1114112K
  class space    used 3649K, committed 4096K, reserved 1048576K
}
Event: 13.453 GC heap after
{Heap after GC invocations=40 (full 2):
 PSYoungGen      total 22528K, used 436K [0x00000000d5580000, 0x00000000d7100000, 0x0000000100000000)
  eden space 22016K, 0% used [0x00000000d5580000,0x00000000d5580000,0x00000000d6b00000)
  from space 512K, 85% used [0x00000000d7080000,0x00000000d70ed250,0x00000000d7100000)
  to   space 1024K, 0% used [0x00000000d6f00000,0x00000000d6f00000,0x00000000d7000000)
 ParOldGen       total 83456K, used 25906K [0x0000000080000000, 0x0000000085180000, 0x00000000d5580000)
  object space 83456K, 31% used [0x0000000080000000,0x000000008194c9f8,0x0000000085180000)
 Metaspace       used 35437K, committed 36480K, reserved 1114112K
  class space    used 3649K, committed 4096K, reserved 1048576K
}
Event: 16.039 GC heap before
{Heap before GC invocations=41 (full 2):
 PSYoungGen      total 22528K, used 22452K [0x00000000d5580000, 0x00000000d7100000, 0x0000000100000000)
  eden space 22016K, 100% used [0x00000000d5580000,0x00000000d6b00000,0x00000000d6b00000)
  from space 512K, 85% used [0x00000000d7080000,0x00000000d70ed250,0x00000000d7100000)
  to   space 1024K, 0% used [0x00000000d6f00000,0x00000000d6f00000,0x00000000d7000000)
 ParOldGen       total 83456K, used 25906K [0x0000000080000000, 0x0000000085180000, 0x00000000d5580000)
  object space 83456K, 31% used [0x0000000080000000,0x000000008194c9f8,0x0000000085180000)
 Metaspace       used 37653K, committed 38720K, reserved 1114112K
  class space    used 3947K, committed 4416K, reserved 1048576K
}
Event: 16.043 GC heap after
{Heap after GC invocations=41 (full 2):
 PSYoungGen      total 23040K, used 992K [0x00000000d5580000, 0x00000000d7100000, 0x0000000100000000)
  eden space 22016K, 0% used [0x00000000d5580000,0x00000000d5580000,0x00000000d6b00000)
  from space 1024K, 96% used [0x00000000d6f00000,0x00000000d6ff8000,0x00000000d7000000)
  to   space 1024K, 0% used [0x00000000d7000000,0x00000000d7000000,0x00000000d7100000)
 ParOldGen       total 83456K, used 25994K [0x0000000080000000, 0x0000000085180000, 0x00000000d5580000)
  object space 83456K, 31% used [0x0000000080000000,0x00000000819629f8,0x0000000085180000)
 Metaspace       used 37653K, committed 38720K, reserved 1114112K
  class space    used 3947K, committed 4416K, reserved 1048576K
}

