# JRE version: OpenJDK Runtime Environment Temurin-21.0.11+10 (21.0.11+10) (build 21.0.11+10-LTS)
# Java VM: OpenJDK 64-Bit Server VM Temurin-21.0.11+10 (21.0.11+10-LTS, mixed mode, sharing, tiered, compressed oops, compressed class ptrs, parallel gc, windows-amd64)
GC Precious Log:
 CardTable entry size: 512
 CPUs: 16 total, 16 available
 Memory: 32125M
 Large Page Support: Disabled
 NUMA Support: Disabled
 Compressed Oops: Enabled (32-bit)
 Alignments: Space 512K, Generation 512K, Heap 2M
 Heap Min Capacity: 100M
 Heap Initial Capacity: 100M
 Heap Max Capacity: 2G
 Pre-touch: Disabled
 Parallel Workers: 13
Heap:
 PSYoungGen      total 2048K, used 1100K [0x00000000d5580000, 0x00000000d5880000, 0x0000000100000000)
  eden space 1536K, 48% used [0x00000000d5580000,0x00000000d563b0b0,0x00000000d5700000)
  from space 512K, 68% used [0x00000000d5780000,0x00000000d57d8000,0x00000000d5800000)
  to   space 512K, 0% used [0x00000000d5800000,0x00000000d5800000,0x00000000d5880000)
 ParOldGen       total 649216K, used 649190K [0x0000000080000000, 0x00000000a7a00000, 0x00000000d5580000)
  object space 649216K, 99% used [0x0000000080000000,0x00000000a79f9888,0x00000000a7a00000)
 Metaspace       used 78918K, committed 80512K, reserved 1179648K
  class space    used 9693K, committed 10432K, reserved 1048576K
GC Heap History (20 events):
Event: 40434.306 GC heap before
{Heap before GC invocations=1133 (full 3):
 PSYoungGen      total 2048K, used 1935K [0x00000000d5580000, 0x00000000d5880000, 0x0000000100000000)
  eden space 1536K, 98% used [0x00000000d5580000,0x00000000d56fbd90,0x00000000d5700000)
  from space 512K, 81% used [0x00000000d5780000,0x00000000d57e8020,0x00000000d5800000)
  to   space 512K, 0% used [0x00000000d5800000,0x00000000d5800000,0x00000000d5880000)
 ParOldGen       total 649216K, used 648926K [0x0000000080000000, 0x00000000a7a00000, 0x00000000d5580000)
  object space 649216K, 99% used [0x0000000080000000,0x00000000a79b7888,0x00000000a7a00000)
 Metaspace       used 78917K, committed 80512K, reserved 1179648K
  class space    used 9693K, committed 10432K, reserved 1048576K
}
Event: 40434.308 GC heap after
{Heap after GC invocations=1133 (full 3):
 PSYoungGen      total 2048K, used 192K [0x00000000d5580000, 0x00000000d5880000, 0x0000000100000000)
  eden space 1536K, 0% used [0x00000000d5580000,0x00000000d5580000,0x00000000d5700000)
  from space 512K, 37% used [0x00000000d5800000,0x00000000d5830000,0x00000000d5880000)
  to   space 512K, 0% used [0x00000000d5780000,0x00000000d5780000,0x00000000d5800000)
 ParOldGen       total 649216K, used 648926K [0x0000000080000000, 0x00000000a7a00000, 0x00000000d5580000)
  object space 649216K, 99% used [0x0000000080000000,0x00000000a79b7888,0x00000000a7a00000)
 Metaspace       used 78917K, committed 80512K, reserved 1179648K
  class space    used 9693K, committed 10432K, reserved 1048576K
}
Event: 42234.319 GC heap before
{Heap before GC invocations=1134 (full 3):
 PSYoungGen      total 2048K, used 1728K [0x00000000d5580000, 0x00000000d5880000, 0x0000000100000000)
  eden space 1536K, 100% used [0x00000000d5580000,0x00000000d5700000,0x00000000d5700000)
  from space 512K, 37% used [0x00000000d5800000,0x00000000d5830000,0x00000000d5880000)
  to   space 512K, 0% used [0x00000000d5780000,0x00000000d5780000,0x00000000d5800000)
 ParOldGen       total 649216K, used 648926K [0x0000000080000000, 0x00000000a7a00000, 0x00000000d5580000)
  object space 649216K, 99% used [0x0000000080000000,0x00000000a79b7888,0x00000000a7a00000)
 Metaspace       used 78917K, committed 80512K, reserved 1179648K
  class space    used 9693K, committed 10432K, reserved 1048576K
}
Event: 42234.320 GC heap after
{Heap after GC invocations=1134 (full 3):
 PSYoungGen      total 2048K, used 416K [0x00000000d5580000, 0x00000000d5880000, 0x0000000100000000)
  eden space 1536K, 0% used [0x00000000d5580000,0x00000000d5580000,0x00000000d5700000)
  from space 512K, 81% used [0x00000000d5780000,0x00000000d57e8000,0x00000000d5800000)
  to   space 512K, 0% used [0x00000000d5800000,0x00000000d5800000,0x00000000d5880000)
 ParOldGen       total 649216K, used 648934K [0x0000000080000000, 0x00000000a7a00000, 0x00000000d5580000)
  object space 649216K, 99% used [0x0000000080000000,0x00000000a79b9888,0x00000000a7a00000)
 Metaspace       used 78917K, committed 80512K, reserved 1179648K
  class space    used 9693K, committed 10432K, reserved 1048576K
}
Event: 43134.341 GC heap before
{Heap before GC invocations=1135 (full 3):
 PSYoungGen      total 2048K, used 1952K [0x00000000d5580000, 0x00000000d5880000, 0x0000000100000000)
  eden space 1536K, 100% used [0x00000000d5580000,0x00000000d5700000,0x00000000d5700000)
  from space 512K, 81% used [0x00000000d5780000,0x00000000d57e8000,0x00000000d5800000)
  to   space 512K, 0% used [0x00000000d5800000,0x00000000d5800000,0x00000000d5880000)
 ParOldGen       total 649216K, used 648934K [0x0000000080000000, 0x00000000a7a00000, 0x00000000d5580000)
  object space 649216K, 99% used [0x0000000080000000,0x00000000a79b9888,0x00000000a7a00000)
 Metaspace       used 78917K, committed 80512K, reserved 1179648K
  class space    used 9693K, committed 10432K, reserved 1048576K
}
Event: 43134.342 GC heap after
{Heap after GC invocations=1135 (full 3):
 PSYoungGen      total 2048K, used 480K [0x00000000d5580000, 0x00000000d5900000, 0x0000000100000000)
  eden space 1536K, 0% used [0x00000000d5580000,0x00000000d5580000,0x00000000d5700000)
  from space 512K, 93% used [0x00000000d5800000,0x00000000d5878010,0x00000000d5880000)
  to   space 1024K, 0% used [0x00000000d5700000,0x00000000d5700000,0x00000000d5800000)
 ParOldGen       total 649216K, used 649110K [0x0000000080000000, 0x00000000a7a00000, 0x00000000d5580000)
  object space 649216K, 99% used [0x0000000080000000,0x00000000a79e5888,0x00000000a7a00000)
 Metaspace       used 78917K, committed 80512K, reserved 1179648K
  class space    used 9693K, committed 10432K, reserved 1048576K
}
Event: 44934.356 GC heap before
{Heap before GC invocations=1136 (full 3):
 PSYoungGen      total 2048K, used 1898K [0x00000000d5580000, 0x00000000d5900000, 0x0000000100000000)
  eden space 1536K, 92% used [0x00000000d5580000,0x00000000d56e2b58,0x00000000d5700000)
  from space 512K, 93% used [0x00000000d5800000,0x00000000d5878010,0x00000000d5880000)
  to   space 1024K, 0% used [0x00000000d5700000,0x00000000d5700000,0x00000000d5800000)
 ParOldGen       total 649216K, used 649110K [0x0000000080000000, 0x00000000a7a00000, 0x00000000d5580000)
  object space 649216K, 99% used [0x0000000080000000,0x00000000a79e5888,0x00000000a7a00000)
 Metaspace       used 78917K, committed 80512K, reserved 1179648K
  class space    used 9693K, committed 10432K, reserved 1048576K
}
Event: 44934.358 GC heap after
{Heap after GC invocations=1136 (full 3):
 PSYoungGen      total 2560K, used 512K [0x00000000d5580000, 0x00000000d5900000, 0x0000000100000000)
  eden space 1536K, 0% used [0x00000000d5580000,0x00000000d5580000,0x00000000d5700000)
  from space 1024K, 50% used [0x00000000d5700000,0x00000000d5780010,0x00000000d5800000)
  to   space 1024K, 0% used [0x00000000d5800000,0x00000000d5800000,0x00000000d5900000)
 ParOldGen       total 649216K, used 649118K [0x0000000080000000, 0x00000000a7a00000, 0x00000000d5580000)
  object space 649216K, 99% used [0x0000000080000000,0x00000000a79e7888,0x00000000a7a00000)
 Metaspace       used 78917K, committed 80512K, reserved 1179648K
  class space    used 9693K, committed 10432K, reserved 1048576K
}
Event: 46734.377 GC heap before
{Heap before GC invocations=1137 (full 3):
 PSYoungGen      total 2560K, used 2048K [0x00000000d5580000, 0x00000000d5900000, 0x0000000100000000)
  eden space 1536K, 100% used [0x00000000d5580000,0x00000000d5700000,0x00000000d5700000)
  from space 1024K, 50% used [0x00000000d5700000,0x00000000d5780010,0x00000000d5800000)
  to   space 1024K, 0% used [0x00000000d5800000,0x00000000d5800000,0x00000000d5900000)
 ParOldGen       total 649216K, used 649118K [0x0000000080000000, 0x00000000a7a00000, 0x00000000d5580000)
  object space 649216K, 99% used [0x0000000080000000,0x00000000a79e7888,0x00000000a7a00000)
 Metaspace       used 78917K, committed 80512K, reserved 1179648K
  class space    used 9693K, committed 10432K, reserved 1048576K
}
Event: 46734.379 GC heap after
{Heap after GC invocations=1137 (full 3):
 PSYoungGen      total 2560K, used 576K [0x00000000d5580000, 0x00000000d5900000, 0x0000000100000000)
  eden space 1536K, 0% used [0x00000000d5580000,0x00000000d5580000,0x00000000d5700000)
  from space 1024K, 56% used [0x00000000d5800000,0x00000000d5890010,0x00000000d5900000)
  to   space 1024K, 0% used [0x00000000d5700000,0x00000000d5700000,0x00000000d5800000)
 ParOldGen       total 649216K, used 649190K [0x0000000080000000, 0x00000000a7a00000, 0x00000000d5580000)
  object space 649216K, 99% used [0x0000000080000000,0x00000000a79f9888,0x00000000a7a00000)
 Metaspace       used 78917K, committed 80512K, reserved 1179648K
  class space    used 9693K, committed 10432K, reserved 1048576K
}
Event: 48534.408 GC heap before
{Heap before GC invocations=1138 (full 3):
 PSYoungGen      total 2560K, used 2112K [0x00000000d5580000, 0x00000000d5900000, 0x0000000100000000)
  eden space 1536K, 100% used [0x00000000d5580000,0x00000000d5700000,0x00000000d5700000)
  from space 1024K, 56% used [0x00000000d5800000,0x00000000d5890010,0x00000000d5900000)
  to   space 1024K, 0% used [0x00000000d5700000,0x00000000d5700000,0x00000000d5800000)
 ParOldGen       total 649216K, used 649190K [0x0000000080000000, 0x00000000a7a00000, 0x00000000d5580000)
  object space 649216K, 99% used [0x0000000080000000,0x00000000a79f9888,0x00000000a7a00000)
 Metaspace       used 78917K, committed 80512K, reserved 1179648K
  class space    used 9693K, committed 10432K, reserved 1048576K
}
Event: 48534.409 GC heap after
{Heap after GC invocations=1138 (full 3):
 PSYoungGen      total 2560K, used 704K [0x00000000d5580000, 0x00000000d5900000, 0x0000000100000000)
  eden space 1536K, 0% used [0x00000000d5580000,0x00000000d5580000,0x00000000d5700000)
  from space 1024K, 68% used [0x00000000d5700000,0x00000000d57b0020,0x00000000d5800000)
  to   space 1024K, 0% used [0x00000000d5800000,0x00000000d5800000,0x00000000d5900000)
 ParOldGen       total 649216K, used 649190K [0x0000000080000000, 0x00000000a7a00000, 0x00000000d5580000)
  object space 649216K, 99% used [0x0000000080000000,0x00000000a79f9888,0x00000000a7a00000)
 Metaspace       used 78917K, committed 80512K, reserved 1179648K
  class space    used 9693K, committed 10432K, reserved 1048576K
}
Event: 50334.432 GC heap before
{Heap before GC invocations=1139 (full 3):
 PSYoungGen      total 2560K, used 2188K [0x00000000d5580000, 0x00000000d5900000, 0x0000000100000000)
  eden space 1536K, 96% used [0x00000000d5580000,0x00000000d56f3318,0x00000000d5700000)
  from space 1024K, 68% used [0x00000000d5700000,0x00000000d57b0020,0x00000000d5800000)
  to   space 1024K, 0% used [0x00000000d5800000,0x00000000d5800000,0x00000000d5900000)
 ParOldGen       total 649216K, used 649190K [0x0000000080000000, 0x00000000a7a00000, 0x00000000d5580000)
  object space 649216K, 99% used [0x0000000080000000,0x00000000a79f9888,0x00000000a7a00000)
 Metaspace       used 78917K, committed 80512K, reserved 1179648K
  class space    used 9693K, committed 10432K, reserved 1048576K
}
Event: 50334.433 GC heap after
{Heap after GC invocations=1139 (full 3):
 PSYoungGen      total 2048K, used 352K [0x00000000d5580000, 0x00000000d5880000, 0x0000000100000000)
  eden space 1536K, 0% used [0x00000000d5580000,0x00000000d5580000,0x00000000d5700000)
  from space 512K, 68% used [0x00000000d5800000,0x00000000d5858010,0x00000000d5880000)
  to   space 512K, 0% used [0x00000000d5780000,0x00000000d5780000,0x00000000d5800000)
 ParOldGen       total 649216K, used 649190K [0x0000000080000000, 0x00000000a7a00000, 0x00000000d5580000)
  object space 649216K, 99% used [0x0000000080000000,0x00000000a79f9888,0x00000000a7a00000)
 Metaspace       used 78917K, committed 80512K, reserved 1179648K
  class space    used 9693K, committed 10432K, reserved 1048576K
}
Event: 52134.455 GC heap before
{Heap before GC invocations=1140 (full 3):
 PSYoungGen      total 2048K, used 1888K [0x00000000d5580000, 0x00000000d5880000, 0x0000000100000000)
  eden space 1536K, 100% used [0x00000000d5580000,0x00000000d5700000,0x00000000d5700000)
  from space 512K, 68% used [0x00000000d5800000,0x00000000d5858010,0x00000000d5880000)
  to   space 512K, 0% used [0x00000000d5780000,0x00000000d5780000,0x00000000d5800000)
 ParOldGen       total 649216K, used 649190K [0x0000000080000000, 0x00000000a7a00000, 0x00000000d5580000)
  object space 649216K, 99% used [0x0000000080000000,0x00000000a79f9888,0x00000000a7a00000)
 Metaspace       used 78917K, committed 80512K, reserved 1179648K
  class space    used 9693K, committed 10432K, reserved 1048576K
}
Event: 52134.456 GC heap after
{Heap after GC invocations=1140 (full 3):
 PSYoungGen      total 2048K, used 416K [0x00000000d5580000, 0x00000000d5880000, 0x0000000100000000)
  eden space 1536K, 0% used [0x00000000d5580000,0x00000000d5580000,0x00000000d5700000)
  from space 512K, 81% used [0x00000000d5780000,0x00000000d57e8010,0x00000000d5800000)
  to   space 512K, 0% used [0x00000000d5800000,0x00000000d5800000,0x00000000d5880000)
 ParOldGen       total 649216K, used 649190K [0x0000000080000000, 0x00000000a7a00000, 0x00000000d5580000)
  object space 649216K, 99% used [0x0000000080000000,0x00000000a79f9888,0x00000000a7a00000)
 Metaspace       used 78917K, committed 80512K, reserved 1179648K
  class space    used 9693K, committed 10432K, reserved 1048576K
}
Event: 53934.479 GC heap before
{Heap before GC invocations=1141 (full 3):
 PSYoungGen      total 2048K, used 1948K [0x00000000d5580000, 0x00000000d5880000, 0x0000000100000000)
  eden space 1536K, 99% used [0x00000000d5580000,0x00000000d56ff378,0x00000000d5700000)
  from space 512K, 81% used [0x00000000d5780000,0x00000000d57e8010,0x00000000d5800000)
  to   space 512K, 0% used [0x00000000d5800000,0x00000000d5800000,0x00000000d5880000)
 ParOldGen       total 649216K, used 649190K [0x0000000080000000, 0x00000000a7a00000, 0x00000000d5580000)
  object space 649216K, 99% used [0x0000000080000000,0x00000000a79f9888,0x00000000a7a00000)
 Metaspace       used 78918K, committed 80512K, reserved 1179648K
  class space    used 9693K, committed 10432K, reserved 1048576K
}
Event: 53934.480 GC heap after
{Heap after GC invocations=1141 (full 3):
 PSYoungGen      total 2048K, used 368K [0x00000000d5580000, 0x00000000d5880000, 0x0000000100000000)
  eden space 1536K, 0% used [0x00000000d5580000,0x00000000d5580000,0x00000000d5700000)
  from space 512K, 71% used [0x00000000d5800000,0x00000000d585c010,0x00000000d5880000)
  to   space 512K, 0% used [0x00000000d5780000,0x00000000d5780000,0x00000000d5800000)
 ParOldGen       total 649216K, used 649190K [0x0000000080000000, 0x00000000a7a00000, 0x00000000d5580000)
  object space 649216K, 99% used [0x0000000080000000,0x00000000a79f9888,0x00000000a7a00000)
 Metaspace       used 78918K, committed 80512K, reserved 1179648K
  class space    used 9693K, committed 10432K, reserved 1048576K
}
Event: 55734.501 GC heap before
{Heap before GC invocations=1142 (full 3):
 PSYoungGen      total 2048K, used 1903K [0x00000000d5580000, 0x00000000d5880000, 0x0000000100000000)
  eden space 1536K, 99% used [0x00000000d5580000,0x00000000d56ffc68,0x00000000d5700000)
  from space 512K, 71% used [0x00000000d5800000,0x00000000d585c010,0x00000000d5880000)
  to   space 512K, 0% used [0x00000000d5780000,0x00000000d5780000,0x00000000d5800000)
 ParOldGen       total 649216K, used 649190K [0x0000000080000000, 0x00000000a7a00000, 0x00000000d5580000)
  object space 649216K, 99% used [0x0000000080000000,0x00000000a79f9888,0x00000000a7a00000)
 Metaspace       used 78918K, committed 80512K, reserved 1179648K
  class space    used 9693K, committed 10432K, reserved 1048576K
}
Event: 55734.503 GC heap after
{Heap after GC invocations=1142 (full 3):
 PSYoungGen      total 2048K, used 352K [0x00000000d5580000, 0x00000000d5880000, 0x0000000100000000)
  eden space 1536K, 0% used [0x00000000d5580000,0x00000000d5580000,0x00000000d5700000)
  from space 512K, 68% used [0x00000000d5780000,0x00000000d57d8000,0x00000000d5800000)
  to   space 512K, 0% used [0x00000000d5800000,0x00000000d5800000,0x00000000d5880000)
 ParOldGen       total 649216K, used 649190K [0x0000000080000000, 0x00000000a7a00000, 0x00000000d5580000)
  object space 649216K, 99% used [0x0000000080000000,0x00000000a79f9888,0x00000000a7a00000)
 Metaspace       used 78918K, committed 80512K, reserved 1179648K
  class space    used 9693K, committed 10432K, reserved 1048576K
}

