# JRE version: OpenJDK Runtime Environment Temurin-21.0.11+10 (21.0.11+10) (build 21.0.11+10-LTS)
# Java VM: OpenJDK 64-Bit Server VM Temurin-21.0.11+10 (21.0.11+10-LTS, mixed mode, sharing, tiered, compressed oops, compressed class ptrs, parallel gc, windows-amd64)
GC Precious Log:
 CardTable entry size: 512
 CPUs: 16 total, 16 available
 Memory: 32125M
 Large Page Support: Disabled
 NUMA Support: Disabled
 Compressed Oops: Enabled (32-bit)
 Alignments: Space 512K, Generation 512K, Heap 2M
 Heap Min Capacity: 100M
 Heap Initial Capacity: 100M
 Heap Max Capacity: 2G
 Pre-touch: Disabled
 Parallel Workers: 13
Heap:
 PSYoungGen      total 24064K, used 7561K [0x00000000d5580000, 0x00000000d7380000, 0x0000000100000000)
  eden space 22016K, 26% used [0x00000000d5580000,0x00000000d5b288a8,0x00000000d6b00000)
  from space 2048K, 86% used [0x00000000d6f80000,0x00000000d7139c50,0x00000000d7180000)
  to   space 2048K, 0% used [0x00000000d7180000,0x00000000d7180000,0x00000000d7380000)
 ParOldGen       total 83456K, used 22571K [0x0000000080000000, 0x0000000085180000, 0x00000000d5580000)
  object space 83456K, 27% used [0x0000000080000000,0x000000008160ac38,0x0000000085180000)
 Metaspace       used 30207K, committed 31104K, reserved 1114112K
  class space    used 3056K, committed 3456K, reserved 1048576K
GC Heap History (20 events):
Event: 11.844 GC heap before
{Heap before GC invocations=25 (full 0):
 PSYoungGen      total 22528K, used 21037K [0x00000000d5580000, 0x00000000d7100000, 0x0000000100000000)
  eden space 22016K, 95% used [0x00000000d5580000,0x00000000d6a03618,0x00000000d6b00000)
  from space 512K, 6% used [0x00000000d7080000,0x00000000d7088000,0x00000000d7100000)
  to   space 512K, 0% used [0x00000000d7000000,0x00000000d7000000,0x00000000d7080000)
 ParOldGen       total 68608K, used 63808K [0x0000000080000000, 0x0000000084300000, 0x00000000d5580000)
  object space 68608K, 93% used [0x0000000080000000,0x0000000083e500a8,0x0000000084300000)
 Metaspace       used 15705K, committed 16256K, reserved 1114112K
  class space    used 1607K, committed 1920K, reserved 1048576K
}
Event: 11.845 GC heap after
{Heap after GC invocations=25 (full 0):
 PSYoungGen      total 22528K, used 0K [0x00000000d5580000, 0x00000000d7100000, 0x0000000100000000)
  eden space 22016K, 0% used [0x00000000d5580000,0x00000000d5580000,0x00000000d6b00000)
  from space 512K, 0% used [0x00000000d7000000,0x00000000d7000000,0x00000000d7080000)
  to   space 512K, 0% used [0x00000000d7080000,0x00000000d7080000,0x00000000d7100000)
 ParOldGen       total 71680K, used 69016K [0x0000000080000000, 0x0000000084600000, 0x00000000d5580000)
  object space 71680K, 96% used [0x0000000080000000,0x00000000843660a8,0x0000000084600000)
 Metaspace       used 15705K, committed 16256K, reserved 1114112K
  class space    used 1607K, committed 1920K, reserved 1048576K
}
Event: 11.852 GC heap before
{Heap before GC invocations=26 (full 0):
 PSYoungGen      total 22528K, used 21517K [0x00000000d5580000, 0x00000000d7100000, 0x0000000100000000)
  eden space 22016K, 97% used [0x00000000d5580000,0x00000000d6a836b8,0x00000000d6b00000)
  from space 512K, 0% used [0x00000000d7000000,0x00000000d7000000,0x00000000d7080000)
  to   space 512K, 0% used [0x00000000d7080000,0x00000000d7080000,0x00000000d7100000)
 ParOldGen       total 71680K, used 69016K [0x0000000080000000, 0x0000000084600000, 0x00000000d5580000)
  object space 71680K, 96% used [0x0000000080000000,0x00000000843660a8,0x0000000084600000)
 Metaspace       used 15705K, committed 16256K, reserved 1114112K
  class space    used 1607K, committed 1920K, reserved 1048576K
}
Event: 11.854 GC heap after
{Heap after GC invocations=26 (full 0):
 PSYoungGen      total 22528K, used 0K [0x00000000d5580000, 0x00000000d7100000, 0x0000000100000000)
  eden space 22016K, 0% used [0x00000000d5580000,0x00000000d5580000,0x00000000d6b00000)
  from space 512K, 0% used [0x00000000d7080000,0x00000000d7080000,0x00000000d7100000)
  to   space 512K, 0% used [0x00000000d7000000,0x00000000d7000000,0x00000000d7080000)
 ParOldGen       total 74752K, used 74344K [0x0000000080000000, 0x0000000084900000, 0x00000000d5580000)
  object space 74752K, 99% used [0x0000000080000000,0x000000008489a0a8,0x0000000084900000)
 Metaspace       used 15705K, committed 16256K, reserved 1114112K
  class space    used 1607K, committed 1920K, reserved 1048576K
}
Event: 12.226 GC heap before
{Heap before GC invocations=27 (full 0):
 PSYoungGen      total 22528K, used 22016K [0x00000000d5580000, 0x00000000d7100000, 0x0000000100000000)
  eden space 22016K, 100% used [0x00000000d5580000,0x00000000d6b00000,0x00000000d6b00000)
  from space 512K, 0% used [0x00000000d7080000,0x00000000d7080000,0x00000000d7100000)
  to   space 512K, 0% used [0x00000000d7000000,0x00000000d7000000,0x00000000d7080000)
 ParOldGen       total 74752K, used 74344K [0x0000000080000000, 0x0000000084900000, 0x00000000d5580000)
  object space 74752K, 99% used [0x0000000080000000,0x000000008489a0a8,0x0000000084900000)
 Metaspace       used 16964K, committed 17600K, reserved 1114112K
  class space    used 1749K, committed 2048K, reserved 1048576K
}
Event: 12.233 GC heap after
{Heap after GC invocations=27 (full 0):
 PSYoungGen      total 22528K, used 504K [0x00000000d5580000, 0x00000000d7d00000, 0x0000000100000000)
  eden space 22016K, 0% used [0x00000000d5580000,0x00000000d5580000,0x00000000d6b00000)
  from space 512K, 98% used [0x00000000d7000000,0x00000000d707e300,0x00000000d7080000)
  to   space 9216K, 0% used [0x00000000d7400000,0x00000000d7400000,0x00000000d7d00000)
 ParOldGen       total 81920K, used 81617K [0x0000000080000000, 0x0000000085000000, 0x00000000d5580000)
  object space 81920K, 99% used [0x0000000080000000,0x0000000084fb45d8,0x0000000085000000)
 Metaspace       used 16964K, committed 17600K, reserved 1114112K
  class space    used 1749K, committed 2048K, reserved 1048576K
}
Event: 12.868 GC heap before
{Heap before GC invocations=28 (full 0):
 PSYoungGen      total 22528K, used 22520K [0x00000000d5580000, 0x00000000d7d00000, 0x0000000100000000)
  eden space 22016K, 100% used [0x00000000d5580000,0x00000000d6b00000,0x00000000d6b00000)
  from space 512K, 98% used [0x00000000d7000000,0x00000000d707e300,0x00000000d7080000)
  to   space 9216K, 0% used [0x00000000d7400000,0x00000000d7400000,0x00000000d7d00000)
 ParOldGen       total 81920K, used 81617K [0x0000000080000000, 0x0000000085000000, 0x00000000d5580000)
  object space 81920K, 99% used [0x0000000080000000,0x0000000084fb45d8,0x0000000085000000)
 Metaspace       used 19357K, committed 20160K, reserved 1114112K
  class space    used 2020K, committed 2368K, reserved 1048576K
}
Event: 12.871 GC heap after
{Heap after GC invocations=28 (full 0):
 PSYoungGen      total 23552K, used 1344K [0x00000000d5580000, 0x00000000d7580000, 0x0000000100000000)
  eden space 22016K, 0% used [0x00000000d5580000,0x00000000d5580000,0x00000000d6b00000)
  from space 1536K, 87% used [0x00000000d7400000,0x00000000d7550190,0x00000000d7580000)
  to   space 4096K, 0% used [0x00000000d6d80000,0x00000000d6d80000,0x00000000d7180000)
 ParOldGen       total 82432K, used 82129K [0x0000000080000000, 0x0000000085080000, 0x00000000d5580000)
  object space 82432K, 99% used [0x0000000080000000,0x00000000850344f0,0x0000000085080000)
 Metaspace       used 19357K, committed 20160K, reserved 1114112K
  class space    used 2020K, committed 2368K, reserved 1048576K
}
Event: 13.126 GC heap before
{Heap before GC invocations=29 (full 0):
 PSYoungGen      total 23552K, used 13054K [0x00000000d5580000, 0x00000000d7580000, 0x0000000100000000)
  eden space 22016K, 53% used [0x00000000d5580000,0x00000000d60ef7b8,0x00000000d6b00000)
  from space 1536K, 87% used [0x00000000d7400000,0x00000000d7550190,0x00000000d7580000)
  to   space 4096K, 0% used [0x00000000d6d80000,0x00000000d6d80000,0x00000000d7180000)
 ParOldGen       total 82432K, used 82129K [0x0000000080000000, 0x0000000085080000, 0x00000000d5580000)
  object space 82432K, 99% used [0x0000000080000000,0x00000000850344f0,0x0000000085080000)
 Metaspace       used 20718K, committed 21504K, reserved 1114112K
  class space    used 2187K, committed 2560K, reserved 1048576K
}
Event: 13.129 GC heap after
{Heap after GC invocations=29 (full 0):
 PSYoungGen      total 26112K, used 870K [0x00000000d5580000, 0x00000000d7480000, 0x0000000100000000)
  eden space 22016K, 0% used [0x00000000d5580000,0x00000000d5580000,0x00000000d6b00000)
  from space 4096K, 21% used [0x00000000d6d80000,0x00000000d6e59a30,0x00000000d7180000)
  to   space 1536K, 0% used [0x00000000d7300000,0x00000000d7300000,0x00000000d7480000)
 ParOldGen       total 83456K, used 83237K [0x0000000080000000, 0x0000000085180000, 0x00000000d5580000)
  object space 83456K, 99% used [0x0000000080000000,0x00000000851495f0,0x0000000085180000)
 Metaspace       used 20718K, committed 21504K, reserved 1114112K
  class space    used 2187K, committed 2560K, reserved 1048576K
}
Event: 13.129 GC heap before
{Heap before GC invocations=30 (full 1):
 PSYoungGen      total 26112K, used 870K [0x00000000d5580000, 0x00000000d7480000, 0x0000000100000000)
  eden space 22016K, 0% used [0x00000000d5580000,0x00000000d5580000,0x00000000d6b00000)
  from space 4096K, 21% used [0x00000000d6d80000,0x00000000d6e59a30,0x00000000d7180000)
  to   space 1536K, 0% used [0x00000000d7300000,0x00000000d7300000,0x00000000d7480000)
 ParOldGen       total 83456K, used 83237K [0x0000000080000000, 0x0000000085180000, 0x00000000d5580000)
  object space 83456K, 99% used [0x0000000080000000,0x00000000851495f0,0x0000000085180000)
 Metaspace       used 20718K, committed 21504K, reserved 1114112K
  class space    used 2187K, committed 2560K, reserved 1048576K
}
Event: 13.166 GC heap after
{Heap after GC invocations=30 (full 1):
 PSYoungGen      total 26112K, used 0K [0x00000000d5580000, 0x00000000d7480000, 0x0000000100000000)
  eden space 22016K, 0% used [0x00000000d5580000,0x00000000d5580000,0x00000000d6b00000)
  from space 4096K, 0% used [0x00000000d6d80000,0x00000000d6d80000,0x00000000d7180000)
  to   space 1536K, 0% used [0x00000000d7300000,0x00000000d7300000,0x00000000d7480000)
 ParOldGen       total 83456K, used 20588K [0x0000000080000000, 0x0000000085180000, 0x00000000d5580000)
  object space 83456K, 24% used [0x0000000080000000,0x000000008141b3d0,0x0000000085180000)
 Metaspace       used 20705K, committed 21504K, reserved 1114112K
  class space    used 2184K, committed 2560K, reserved 1048576K
}
Event: 13.430 GC heap before
{Heap before GC invocations=31 (full 1):
 PSYoungGen      total 26112K, used 22016K [0x00000000d5580000, 0x00000000d7480000, 0x0000000100000000)
  eden space 22016K, 100% used [0x00000000d5580000,0x00000000d6b00000,0x00000000d6b00000)
  from space 4096K, 0% used [0x00000000d6d80000,0x00000000d6d80000,0x00000000d7180000)
  to   space 1536K, 0% used [0x00000000d7300000,0x00000000d7300000,0x00000000d7480000)
 ParOldGen       total 83456K, used 20588K [0x0000000080000000, 0x0000000085180000, 0x00000000d5580000)
  object space 83456K, 24% used [0x0000000080000000,0x000000008141b3d0,0x0000000085180000)
 Metaspace       used 22639K, committed 23424K, reserved 1114112K
  class space    used 2329K, committed 2688K, reserved 1048576K
}
Event: 13.431 GC heap after
{Heap after GC invocations=31 (full 1):
 PSYoungGen      total 23040K, used 765K [0x00000000d5580000, 0x00000000d7400000, 0x0000000100000000)
  eden space 22016K, 0% used [0x00000000d5580000,0x00000000d5580000,0x00000000d6b00000)
  from space 1024K, 74% used [0x00000000d7300000,0x00000000d73bf5a8,0x00000000d7400000)
  to   space 1024K, 0% used [0x00000000d7200000,0x00000000d7200000,0x00000000d7300000)
 ParOldGen       total 83456K, used 20596K [0x0000000080000000, 0x0000000085180000, 0x00000000d5580000)
  object space 83456K, 24% used [0x0000000080000000,0x000000008141d3d0,0x0000000085180000)
 Metaspace       used 22639K, committed 23424K, reserved 1114112K
  class space    used 2329K, committed 2688K, reserved 1048576K
}
Event: 14.708 GC heap before
{Heap before GC invocations=32 (full 1):
 PSYoungGen      total 23040K, used 22781K [0x00000000d5580000, 0x00000000d7400000, 0x0000000100000000)
  eden space 22016K, 100% used [0x00000000d5580000,0x00000000d6b00000,0x00000000d6b00000)
  from space 1024K, 74% used [0x00000000d7300000,0x00000000d73bf5a8,0x00000000d7400000)
  to   space 1024K, 0% used [0x00000000d7200000,0x00000000d7200000,0x00000000d7300000)
 ParOldGen       total 83456K, used 20596K [0x0000000080000000, 0x0000000085180000, 0x00000000d5580000)
  object space 83456K, 24% used [0x0000000080000000,0x000000008141d3d0,0x0000000085180000)
 Metaspace       used 25856K, committed 26752K, reserved 1114112K
  class space    used 2619K, committed 3008K, reserved 1048576K
}
Event: 14.710 GC heap after
{Heap after GC invocations=32 (full 1):
 PSYoungGen      total 23040K, used 672K [0x00000000d5580000, 0x00000000d7380000, 0x0000000100000000)
  eden space 22016K, 0% used [0x00000000d5580000,0x00000000d5580000,0x00000000d6b00000)
  from space 1024K, 65% used [0x00000000d7200000,0x00000000d72a8000,0x00000000d7300000)
  to   space 512K, 0% used [0x00000000d7300000,0x00000000d7300000,0x00000000d7380000)
 ParOldGen       total 83456K, used 21159K [0x0000000080000000, 0x0000000085180000, 0x00000000d5580000)
  object space 83456K, 25% used [0x0000000080000000,0x00000000814a9f48,0x0000000085180000)
 Metaspace       used 25856K, committed 26752K, reserved 1114112K
  class space    used 2619K, committed 3008K, reserved 1048576K
}
Event: 14.966 GC heap before
{Heap before GC invocations=33 (full 1):
 PSYoungGen      total 23040K, used 22160K [0x00000000d5580000, 0x00000000d7380000, 0x0000000100000000)
  eden space 22016K, 97% used [0x00000000d5580000,0x00000000d6a7c2b8,0x00000000d6b00000)
  from space 1024K, 65% used [0x00000000d7200000,0x00000000d72a8000,0x00000000d7300000)
  to   space 512K, 0% used [0x00000000d7300000,0x00000000d7300000,0x00000000d7380000)
 ParOldGen       total 83456K, used 21159K [0x0000000080000000, 0x0000000085180000, 0x00000000d5580000)
  object space 83456K, 25% used [0x0000000080000000,0x00000000814a9f48,0x0000000085180000)
 Metaspace       used 28579K, committed 29568K, reserved 1114112K
  class space    used 2885K, committed 3328K, reserved 1048576K
}
Event: 14.969 GC heap after
{Heap after GC invocations=33 (full 1):
 PSYoungGen      total 22528K, used 494K [0x00000000d5580000, 0x00000000d7380000, 0x0000000100000000)
  eden space 22016K, 0% used [0x00000000d5580000,0x00000000d5580000,0x00000000d6b00000)
  from space 512K, 96% used [0x00000000d7300000,0x00000000d737b890,0x00000000d7380000)
  to   space 2048K, 0% used [0x00000000d6f80000,0x00000000d6f80000,0x00000000d7180000)
 ParOldGen       total 83456K, used 22325K [0x0000000080000000, 0x0000000085180000, 0x00000000d5580000)
  object space 83456K, 26% used [0x0000000080000000,0x00000000815cd458,0x0000000085180000)
 Metaspace       used 28579K, committed 29568K, reserved 1114112K
  class space    used 2885K, committed 3328K, reserved 1048576K
}
Event: 15.253 GC heap before
{Heap before GC invocations=34 (full 1):
 PSYoungGen      total 22528K, used 22510K [0x00000000d5580000, 0x00000000d7380000, 0x0000000100000000)
  eden space 22016K, 100% used [0x00000000d5580000,0x00000000d6b00000,0x00000000d6b00000)
  from space 512K, 96% used [0x00000000d7300000,0x00000000d737b890,0x00000000d7380000)
  to   space 2048K, 0% used [0x00000000d6f80000,0x00000000d6f80000,0x00000000d7180000)
 ParOldGen       total 83456K, used 22325K [0x0000000080000000, 0x0000000085180000, 0x00000000d5580000)
  object space 83456K, 26% used [0x0000000080000000,0x00000000815cd458,0x0000000085180000)
 Metaspace       used 29806K, committed 30720K, reserved 1114112K
  class space    used 3015K, committed 3456K, reserved 1048576K
}
Event: 15.256 GC heap after
{Heap after GC invocations=34 (full 1):
 PSYoungGen      total 24064K, used 1767K [0x00000000d5580000, 0x00000000d7380000, 0x0000000100000000)
  eden space 22016K, 0% used [0x00000000d5580000,0x00000000d5580000,0x00000000d6b00000)
  from space 2048K, 86% used [0x00000000d6f80000,0x00000000d7139c50,0x00000000d7180000)
  to   space 2048K, 0% used [0x00000000d7180000,0x00000000d7180000,0x00000000d7380000)
 ParOldGen       total 83456K, used 22571K [0x0000000080000000, 0x0000000085180000, 0x00000000d5580000)
  object space 83456K, 27% used [0x0000000080000000,0x000000008160ac38,0x0000000085180000)
 Metaspace       used 29806K, committed 30720K, reserved 1114112K
  class space    used 3015K, committed 3456K, reserved 1048576K
}

